<?xml version="1.0" encoding="UTF-8"?>
<!-- Generated by org.testng.reporters.JUnitReportReporter -->
<testsuite hostname="DESKTOP-CJ5BRDJ" failures="0" tests="1" name="com.twitter.tests.AddTweetTest1" time="3.633" errors="0" timestamp="2019-08-12T17:59:59 CEST" skipped="0">
  <testcase classname="com.twitter.tests.AddTweetTest1" name="sendTweetPrimary" time="3.633"/>
</testsuite> <!-- com.twitter.tests.AddTweetTest1 -->
