<?xml version="1.0" encoding="UTF-8"?>
<!-- Generated by org.testng.reporters.JUnitReportReporter -->
<testsuite hostname="DESKTOP-CJ5BRDJ" failures="0" tests="1" name="com.twitter.tests.DeleteTweetTest2" time="4.065" errors="0" timestamp="2019-08-12T17:59:59 CEST" skipped="0">
  <testcase classname="com.twitter.tests.DeleteTweetTest2" name="deleteTweetFromProfileSite" time="4.065"/>
</testsuite> <!-- com.twitter.tests.DeleteTweetTest2 -->
