<?xml version="1.0" encoding="UTF-8"?>
<!-- Generated by org.testng.reporters.JUnitReportReporter -->
<testsuite hostname="DESKTOP-CJ5BRDJ" failures="0" tests="1" name="com.twitter.tests.DeleteTweetTest1" time="3.639" errors="0" timestamp="2019-08-12T17:59:59 CEST" skipped="0">
  <testcase classname="com.twitter.tests.DeleteTweetTest1" name="deleteTweetFromPrimaryColumn" time="3.639"/>
</testsuite> <!-- com.twitter.tests.DeleteTweetTest1 -->
